2	-1	1	update	1	0	xxx	one
3	2	1	update	2	1	xxxxxxx	fjsalfj
4	3	1	update	3	1	xxxxxxx	fjsalfj
5	4	1	update	4	1	xxxxxxx	fjsalfj
6	5	1	update	5	1	xxxxxxx	fjsalfj
7	6	1	update	6	1	xxxxxxx	fjsalfj
8	-1	6	update	7	0	xxx	gsa
9	7	1	update	8	1	xxxxxxx	fjsalfj
10	9	1	update	9	1	xxxxxxx	fjsalfj
11	10	1	update	10	1	xxxxxxx	fjsalfj
12	11	1	update	11	1	xxxxxxx	fjsalfj
13	-1	2	update	13	0	xxx	two
14	12	1	update	14	0	xxx	gsa
15	13	2	commit
16	15	2	end
17	-1	-1	begin_checkpoint
18	17	-1	end_checkpoint	{ [ 1 14 U ] [ 6 8 U ]}	{ [ 1 2 ] [ 2 3 ] [ 3 4 ] [ 4 5 ] [ 5 6 ] [ 6 7 ] [ 7 8 ] [ 8 9 ] [ 9 10 ] [ 14 14 ]}
19	-1	3	update	14	0	gsaxx	three
20	19	3	update	15	0	xxxx	four
21	20	3	update	16	0	xx	rw
22	-1	-1	begin_checkpoint
23	22	-1	end_checkpoint	{ [ 1 14 U ] [ 3 21 U ] [ 6 8 U ]}	{ [ 1 2 ] [ 2 3 ] [ 3 4 ] [ 4 5 ] [ 5 6 ] [ 6 7 ] [ 7 8 ] [ 8 9 ] [ 9 10 ] [ 16 21 ]}
24	21	3	CLR	16	0	xx	20
25	24	3	CLR	15	0	xxxx	19
26	25	3	CLR	14	0	gsaxx	-1
27	26	3	end
28	14	1	CLR	14	0	xxx	12
29	28	1	CLR	11	1	xxxxxxx	11
